<?xml version="1.0" encoding="UTF-8"?>
<testng-results ignored="0" total="2" passed="2" failed="0" skipped="0">
  <reporter-output>
  </reporter-output>
  <suite started-at="2024-12-15T11:37:51 IST" name="Suite" finished-at="2024-12-15T11:37:51 IST" duration-ms="109">
    <groups>
      <group name="regression">
        <method signature="MyTest.myTest1()[pri:0, instance:maven_profiles.MyTest@351d00c0]" name="myTest1" class="maven_profiles.MyTest"/>
      </group> <!-- regression -->
      <group name="smoke">
        <method signature="MyTest.myTest2()[pri:0, instance:maven_profiles.MyTest@351d00c0]" name="myTest2" class="maven_profiles.MyTest"/>
      </group> <!-- smoke -->
    </groups>
    <test started-at="2024-12-15T11:37:51 IST" name="Test" finished-at="2024-12-15T11:37:51 IST" duration-ms="109">
      <class name="maven_profiles.MyTest">
        <test-method signature="myTest1()[pri:0, instance:maven_profiles.MyTest@351d00c0]" started-at="2024-12-15T11:37:51 IST" name="myTest1" finished-at="2024-12-15T11:37:51 IST" duration-ms="20" status="PASS">
          <reporter-output>
          </reporter-output>
        </test-method> <!-- myTest1 -->
        <test-method signature="myTest2()[pri:0, instance:maven_profiles.MyTest@351d00c0]" started-at="2024-12-15T11:37:51 IST" name="myTest2" finished-at="2024-12-15T11:37:51 IST" duration-ms="3" status="PASS">
          <reporter-output>
          </reporter-output>
        </test-method> <!-- myTest2 -->
      </class> <!-- maven_profiles.MyTest -->
    </test> <!-- Test -->
  </suite> <!-- Suite -->
</testng-results>
